2018-09-30 15:22:38 INFO  BrokerWithLombokDao:84 - initializing the static amount of money to invest:
2018-09-30 15:22:38 INFO  BrokerWithLombokDao:88 - 49.0000000000
2018-09-30 15:22:38 INFO  BrokerWithLombokDao:54 - Openning CSV File:
2018-09-30 15:22:38 INFO  BrokerWithLombokDao:56 - Getting list of stocks:
2018-09-30 15:22:39 INFO  Main:24 - 	 Stock evolution:
2018-09-30 15:22:39 INFO  BrokerWithLombokDao:109 - Fri Jun 01 00:00:00 CEST 2001: 13.3733624454
2018-09-30 15:22:39 INFO  BrokerWithLombokDao:109 - Fri Jun 29 00:00:00 CEST 2001: 26.6166056886
2018-09-30 15:22:39 INFO  BrokerWithLombokDao:109 - Fri Jul 27 00:00:00 CEST 2001: 40.2201592699
2018-09-30 15:22:39 INFO  BrokerWithLombokDao:109 - Fri Aug 31 00:00:00 CEST 2001: 53.2520741635
2018-09-30 15:22:39 INFO  BrokerWithLombokDao:109 - Fri Sep 28 00:00:00 CEST 2001: 67.0083908395
2018-09-30 15:22:39 INFO  BrokerWithLombokDao:109 - Fri Oct 26 00:00:00 CEST 2001: 79.5339532117
2018-09-30 15:22:39 INFO  BrokerWithLombokDao:109 - Fri Nov 30 00:00:00 CET 2001: 91.1453276193
2018-09-30 15:22:39 INFO  BrokerWithLombokDao:109 - Fri Dec 28 00:00:00 CET 2001: 102.5939257501
2018-09-30 15:22:39 INFO  BrokerWithLombokDao:109 - Fri Feb 01 00:00:00 CET 2002: 113.4586707612
2018-09-30 15:22:39 INFO  BrokerWithLombokDao:109 - Fri Mar 01 00:00:00 CET 2002: 124.2184423905
2018-09-30 15:22:39 INFO  BrokerWithLombokDao:109 - Tue Apr 02 00:00:00 CEST 2002: 135.5348396191
2018-09-30 15:22:39 INFO  BrokerWithLombokDao:109 - Fri Apr 26 00:00:00 CEST 2002: 146.2102208827
2018-09-30 15:22:39 INFO  BrokerWithLombokDao:109 - Fri May 31 00:00:00 CEST 2002: 157.6695286470
2018-09-30 15:22:39 INFO  BrokerWithLombokDao:109 - Fri Jun 28 00:00:00 CEST 2002: 169.4767575627
2018-09-30 15:22:39 INFO  BrokerWithLombokDao:109 - Fri Jul 26 00:00:00 CEST 2002: 182.5713593799
2018-09-30 15:22:39 INFO  BrokerWithLombokDao:109 - Fri Aug 30 00:00:00 CEST 2002: 195.5963460891
2018-09-30 15:22:39 INFO  BrokerWithLombokDao:109 - Fri Sep 27 00:00:00 CEST 2002: 207.5359172392
2018-09-30 15:22:39 INFO  BrokerWithLombokDao:109 - Mon Nov 04 00:00:00 CET 2002: 218.1511685390
2018-09-30 15:22:39 INFO  BrokerWithLombokDao:109 - Fri Nov 29 00:00:00 CET 2002: 228.2793206680
2018-09-30 15:22:39 INFO  BrokerWithLombokDao:109 - Fri Dec 27 00:00:00 CET 2002: 239.2806677717
2018-09-30 15:22:39 INFO  BrokerWithLombokDao:109 - Fri Jan 31 00:00:00 CET 2003: 250.2672148569
2018-09-30 15:22:39 INFO  BrokerWithLombokDao:109 - Fri Feb 28 00:00:00 CET 2003: 260.9940099532
2018-09-30 15:22:39 INFO  BrokerWithLombokDao:109 - Fri Mar 28 00:00:00 CET 2003: 274.0328604056
2018-09-30 15:22:39 INFO  BrokerWithLombokDao:109 - Fri Apr 25 00:00:00 CEST 2003: 287.8356773070
2018-09-30 15:22:39 INFO  BrokerWithLombokDao:109 - Fri May 30 00:00:00 CEST 2003: 300.7440018592
2018-09-30 15:22:39 INFO  BrokerWithLombokDao:109 - Fri Jun 27 00:00:00 CEST 2003: 312.2194116953
2018-09-30 15:22:39 INFO  BrokerWithLombokDao:109 - Fri Aug 01 00:00:00 CEST 2003: 323.1034632280
2018-09-30 15:22:39 INFO  BrokerWithLombokDao:109 - Fri Aug 29 00:00:00 CEST 2003: 333.7279211638
2018-09-30 15:22:39 INFO  BrokerWithLombokDao:109 - Fri Sep 26 00:00:00 CEST 2003: 346.3894198718
2018-09-30 15:22:39 INFO  BrokerWithLombokDao:109 - Fri Oct 31 00:00:00 CET 2003: 360.0384449414
2018-09-30 15:22:39 INFO  BrokerWithLombokDao:109 - Fri Nov 28 00:00:00 CET 2003: 373.0357924215
2018-09-30 15:22:39 INFO  BrokerWithLombokDao:109 - Mon Dec 29 00:00:00 CET 2003: 388.4932056707
2018-09-30 15:22:39 INFO  BrokerWithLombokDao:109 - Fri Jan 30 00:00:00 CET 2004: 403.7200546452
2018-09-30 15:22:39 INFO  BrokerWithLombokDao:109 - Fri Feb 27 00:00:00 CET 2004: 417.4148562103
2018-09-30 15:22:39 INFO  BrokerWithLombokDao:109 - Fri Mar 26 00:00:00 CET 2004: 430.6224033801
2018-09-30 15:22:39 INFO  BrokerWithLombokDao:109 - Fri Apr 30 00:00:00 CEST 2004: 444.0987510149
2018-09-30 15:22:39 INFO  BrokerWithLombokDao:109 - Fri May 28 00:00:00 CEST 2004: 456.9934878570
2018-09-30 15:22:39 INFO  BrokerWithLombokDao:109 - Fri Jun 25 00:00:00 CEST 2004: 469.8140006775
2018-09-30 15:22:39 INFO  BrokerWithLombokDao:109 - Fri Jul 30 00:00:00 CEST 2004: 482.7087375196
2018-09-30 15:22:39 INFO  BrokerWithLombokDao:109 - Fri Aug 27 00:00:00 CEST 2004: 495.6785628240
2018-09-30 15:22:39 INFO  BrokerWithLombokDao:109 - Fri Oct 01 00:00:00 CEST 2004: 507.9469654279
2018-09-30 15:22:39 INFO  BrokerWithLombokDao:109 - Fri Oct 29 00:00:00 CEST 2004: 520.1969654279
2018-09-30 15:22:39 INFO  BrokerWithLombokDao:109 - Fri Nov 26 00:00:00 CET 2004: 531.4509847205
2018-09-30 15:22:39 INFO  BrokerWithLombokDao:109 - Mon Jan 03 00:00:00 CET 2005: 542.7883285428
2018-09-30 15:22:39 INFO  BrokerWithLombokDao:109 - Fri Jan 28 00:00:00 CET 2005: 554.1204284503
2018-09-30 15:22:39 INFO  BrokerWithLombokDao:109 - Fri Feb 25 00:00:00 CET 2005: 564.6264318808
2018-09-30 15:22:39 INFO  BrokerWithLombokDao:109 - Fri Apr 01 00:00:00 CEST 2005: 574.9205495279
2018-09-30 15:22:39 INFO  BrokerWithLombokDao:109 - Fri Apr 29 00:00:00 CEST 2005: 585.5727234409
2018-09-30 15:22:39 INFO  BrokerWithLombokDao:109 - Fri May 27 00:00:00 CEST 2005: 596.0877449001
2018-09-30 15:22:39 INFO  BrokerWithLombokDao:109 - Fri Jul 01 00:00:00 CEST 2005: 607.6443486737
2018-09-30 15:22:39 INFO  BrokerWithLombokDao:109 - Fri Jul 29 00:00:00 CEST 2005: 618.6308957589
2018-09-30 15:22:39 INFO  BrokerWithLombokDao:109 - Fri Aug 26 00:00:00 CEST 2005: 629.9004449769
2018-09-30 15:22:39 INFO  BrokerWithLombokDao:109 - Fri Sep 30 00:00:00 CEST 2005: 639.8800783781
2018-09-30 15:22:39 INFO  BrokerWithLombokDao:109 - Fri Oct 28 00:00:00 CEST 2005: 649.7750703006
2018-09-30 15:22:39 INFO  BrokerWithLombokDao:109 - Fri Nov 25 00:00:00 CET 2005: 659.5907754288
2018-09-30 15:22:39 INFO  BrokerWithLombokDao:109 - Fri Dec 30 00:00:00 CET 2005: 668.5160941902
2018-09-30 15:22:39 INFO  BrokerWithLombokDao:109 - Fri Jan 27 00:00:00 CET 2006: 677.3353886466
2018-09-30 15:22:39 INFO  BrokerWithLombokDao:109 - Fri Feb 24 00:00:00 CET 2006: 685.6886106036
2018-09-30 15:22:39 INFO  BrokerWithLombokDao:109 - Fri Mar 31 00:00:00 CEST 2006: 693.3760909927
2018-09-30 15:22:39 INFO  BrokerWithLombokDao:109 - Fri Apr 28 00:00:00 CEST 2006: 700.9354862411
2018-09-30 15:22:39 INFO  BrokerWithLombokDao:109 - Fri May 26 00:00:00 CEST 2006: 708.9525019479
2018-09-30 15:22:39 INFO  BrokerWithLombokDao:109 - Fri Jun 30 00:00:00 CEST 2006: 716.3970476787
2018-09-30 15:22:39 INFO  BrokerWithLombokDao:109 - Fri Jul 28 00:00:00 CEST 2006: 723.6930572082
2018-09-30 15:22:39 INFO  BrokerWithLombokDao:109 - Fri Sep 01 00:00:00 CEST 2006: 730.6375016526
2018-09-30 15:22:39 INFO  BrokerWithLombokDao:109 - Fri Sep 29 00:00:00 CEST 2006: 737.3812396102
2018-09-30 15:22:39 INFO  BrokerWithLombokDao:109 - Fri Oct 27 00:00:00 CEST 2006: 743.9128311858
2018-09-30 15:22:39 INFO  BrokerWithLombokDao:109 - Fri Dec 01 00:00:00 CET 2006: 750.2682138058
2018-09-30 15:22:39 INFO  BrokerWithLombokDao:109 - Fri Dec 29 00:00:00 CET 2006: 756.2438235619
2018-09-30 15:22:39 INFO  BrokerWithLombokDao:109 - Fri Jan 26 00:00:00 CET 2007: 762.2413755815
2018-09-30 15:22:39 INFO  BrokerWithLombokDao:109 - Fri Feb 23 00:00:00 CET 2007: 767.6082978159
2018-09-30 15:22:39 INFO  BrokerWithLombokDao:109 - Fri Mar 30 00:00:00 CEST 2007: 772.8793821532
2018-09-30 15:22:39 INFO  BrokerWithLombokDao:109 - Fri Apr 27 00:00:00 CEST 2007: 778.1847091346
2018-09-30 15:22:39 INFO  BrokerWithLombokDao:109 - Fri Jun 01 00:00:00 CEST 2007: 783.4309618113
2018-09-30 15:22:39 INFO  BrokerWithLombokDao:109 - Fri Jun 29 00:00:00 CEST 2007: 789.0476514032
2018-09-30 15:22:39 INFO  BrokerWithLombokDao:109 - Fri Jul 27 00:00:00 CEST 2007: 794.8259532900
2018-09-30 15:22:39 INFO  BrokerWithLombokDao:109 - Fri Aug 31 00:00:00 CEST 2007: 800.5784773567
2018-09-30 15:22:39 INFO  BrokerWithLombokDao:109 - Fri Sep 28 00:00:00 CEST 2007: 805.8191190679
2018-09-30 15:22:39 INFO  BrokerWithLombokDao:109 - Fri Oct 26 00:00:00 CEST 2007: 810.7044630360
2018-09-30 15:22:39 INFO  BrokerWithLombokDao:109 - Fri Nov 30 00:00:00 CET 2007: 815.6429834956
2018-09-30 15:22:39 INFO  BrokerWithLombokDao:109 - Fri Dec 28 00:00:00 CET 2007: 821.4596976456
2018-09-30 15:22:39 INFO  BrokerWithLombokDao:109 - Fri Feb 01 00:00:00 CET 2008: 828.6676999992
2018-09-30 15:22:39 INFO  BrokerWithLombokDao:109 - Fri Feb 29 00:00:00 CET 2008: 835.7939361830
2018-09-30 15:22:39 INFO  BrokerWithLombokDao:109 - Fri Mar 28 00:00:00 CET 2008: 842.5693786609
2018-09-30 15:22:39 INFO  BrokerWithLombokDao:109 - Fri Apr 25 00:00:00 CEST 2008: 849.3938911957
2018-09-30 15:22:39 INFO  BrokerWithLombokDao:109 - Fri May 30 00:00:00 CEST 2008: 857.2666418384
2018-09-30 15:22:39 INFO  BrokerWithLombokDao:109 - Fri Jun 27 00:00:00 CEST 2008: 865.9824013546
2018-09-30 15:22:39 INFO  BrokerWithLombokDao:109 - Fri Aug 01 00:00:00 CEST 2008: 874.1490680213
2018-09-30 15:22:39 INFO  BrokerWithLombokDao:109 - Fri Aug 29 00:00:00 CEST 2008: 882.0599495195
2018-09-30 15:22:39 INFO  BrokerWithLombokDao:109 - Fri Sep 26 00:00:00 CEST 2008: 889.6686451717
2018-09-30 15:22:39 INFO  BrokerWithLombokDao:109 - Fri Oct 31 00:00:00 CET 2008: 899.2091436141
2018-09-30 15:22:39 INFO  BrokerWithLombokDao:109 - Fri Nov 28 00:00:00 CET 2008: 908.4370155538
2018-09-30 15:22:39 INFO  BrokerWithLombokDao:109 - Mon Dec 29 00:00:00 CET 2008: 916.2395633245
2018-09-30 15:22:39 INFO  BrokerWithLombokDao:109 - Fri Jan 30 00:00:00 CET 2009: 924.6127690661
2018-09-30 15:22:39 INFO  BrokerWithLombokDao:109 - Fri Feb 27 00:00:00 CET 2009: 932.9178538119
2018-09-30 15:22:39 INFO  BrokerWithLombokDao:109 - Fri Mar 27 00:00:00 CET 2009: 941.6678538119
2018-09-30 15:22:39 INFO  BrokerWithLombokDao:109 - Mon May 04 00:00:00 CEST 2009: 949.0473718842
2018-09-30 15:22:39 INFO  BrokerWithLombokDao:109 - Fri May 29 00:00:00 CEST 2009: 956.8773495128
2018-09-30 15:22:39 INFO  BrokerWithLombokDao:109 - Fri Jun 26 00:00:00 CEST 2009: 964.1173022315
2018-09-30 15:22:39 INFO  BrokerWithLombokDao:109 - Fri Jul 31 00:00:00 CEST 2009: 970.6576118951
2018-09-30 15:22:39 INFO  BrokerWithLombokDao:109 - Fri Aug 28 00:00:00 CEST 2009: 977.2242160227
2018-09-30 15:22:39 INFO  BrokerWithLombokDao:109 - Fri Sep 25 00:00:00 CEST 2009: 983.3492160227
2018-09-30 15:22:39 INFO  BrokerWithLombokDao:109 - Fri Oct 30 00:00:00 CET 2009: 989.4988144163
2018-09-30 15:22:39 INFO  BrokerWithLombokDao:109 - Fri Nov 27 00:00:00 CET 2009: 995.3953246449
2018-09-30 15:22:39 INFO  BrokerWithLombokDao:109 - Mon Jan 04 00:00:00 CET 2010: 1001.0300992539
2018-09-30 15:22:39 INFO  BrokerWithLombokDao:109 - Fri Jan 29 00:00:00 CET 2010: 1006.4307385132
2018-09-30 15:22:39 INFO  BrokerWithLombokDao:109 - Fri Feb 26 00:00:00 CET 2010: 1012.1211345183
2018-09-30 15:22:39 INFO  BrokerWithLombokDao:109 - Fri Mar 26 00:00:00 CET 2010: 1017.0497203159
2018-09-30 15:22:39 INFO  BrokerWithLombokDao:109 - Fri Apr 30 00:00:00 CEST 2010: 1022.2403982820
2018-09-30 15:22:39 INFO  BrokerWithLombokDao:109 - Fri May 28 00:00:00 CEST 2010: 1027.6751808907
2018-09-30 15:22:39 INFO  BrokerWithLombokDao:109 - Fri Jun 25 00:00:00 CEST 2010: 1032.8001678168
2018-09-30 15:22:39 INFO  BrokerWithLombokDao:109 - Fri Jul 30 00:00:00 CEST 2010: 1037.5956268107
2018-09-30 15:22:39 INFO  BrokerWithLombokDao:109 - Fri Aug 27 00:00:00 CEST 2010: 1042.3593833730
2018-09-30 15:22:39 INFO  BrokerWithLombokDao:109 - Fri Oct 01 00:00:00 CEST 2010: 1046.5813375346
2018-09-30 15:22:39 INFO  BrokerWithLombokDao:109 - Fri Oct 29 00:00:00 CEST 2010: 1050.6865654166
2018-09-30 15:22:39 INFO  BrokerWithLombokDao:109 - Fri Nov 26 00:00:00 CET 2010: 1054.8603303229
2018-09-30 15:22:39 INFO  BrokerWithLombokDao:109 - Mon Jan 03 00:00:00 CET 2011: 1059.2353303229
2018-09-30 15:22:39 INFO  BrokerWithLombokDao:109 - Fri Jan 28 00:00:00 CET 2011: 1063.5862449029
2018-09-30 15:22:39 INFO  BrokerWithLombokDao:109 - Fri Feb 25 00:00:00 CET 2011: 1068.1958403874
2018-09-30 15:22:39 INFO  BrokerWithLombokDao:109 - Fri Apr 01 00:00:00 CEST 2011: 1072.5183527374
2018-09-30 15:22:39 INFO  BrokerWithLombokDao:109 - Fri Apr 29 00:00:00 CEST 2011: 1076.5780047672
2018-09-30 15:22:39 INFO  BrokerWithLombokDao:109 - Fri May 27 00:00:00 CEST 2011: 1080.4650426857
2018-09-30 15:22:39 INFO  BrokerWithLombokDao:109 - Fri Jul 01 00:00:00 CEST 2011: 1084.3638332649
2018-09-30 15:22:39 INFO  BrokerWithLombokDao:109 - Fri Jul 29 00:00:00 CEST 2011: 1088.2825792662
2018-09-30 15:22:39 INFO  BrokerWithLombokDao:109 - Fri Aug 26 00:00:00 CEST 2011: 1092.6764099692
2018-09-30 15:22:39 INFO  BrokerWithLombokDao:109 - Fri Sep 30 00:00:00 CEST 2011: 1096.4625326705
2018-09-30 15:22:39 INFO  BrokerWithLombokDao:109 - Fri Oct 28 00:00:00 CEST 2011: 1100.0282436296
2018-09-30 15:22:39 INFO  BrokerWithLombokDao:109 - Fri Nov 25 00:00:00 CET 2011: 1104.0585117658
2018-09-30 15:22:39 INFO  BrokerWithLombokDao:109 - Fri Dec 30 00:00:00 CET 2011: 1107.9246945021
2018-09-30 15:22:39 INFO  BrokerWithLombokDao:109 - Fri Jan 27 00:00:00 CET 2012: 1111.5091860895
2018-09-30 15:22:39 INFO  BrokerWithLombokDao:109 - Fri Feb 24 00:00:00 CET 2012: 1115.0338587985
2018-09-30 15:22:39 INFO  BrokerWithLombokDao:109 - Fri Mar 30 00:00:00 CEST 2012: 1118.4869948098
2018-09-30 15:22:39 INFO  BrokerWithLombokDao:109 - Fri Apr 27 00:00:00 CEST 2012: 1122.1096474787
2018-09-30 15:22:39 INFO  BrokerWithLombokDao:109 - Fri Jun 01 00:00:00 CEST 2012: 1125.7751172573
2018-09-30 15:22:39 INFO  BrokerWithLombokDao:109 - Fri Jun 29 00:00:00 CEST 2012: 1128.8510745705
2018-09-30 15:22:39 INFO  BrokerWithLombokDao:109 - Fri Jul 27 00:00:00 CEST 2012: 1131.8146647483
2018-09-30 15:22:39 INFO  BrokerWithLombokDao:109 - Fri Aug 31 00:00:00 CEST 2012: 1134.6431108347
2018-09-30 15:22:39 INFO  BrokerWithLombokDao:109 - Fri Sep 28 00:00:00 CEST 2012: 1137.1688840306
2018-09-30 15:22:39 INFO  BrokerWithLombokDao:109 - Fri Oct 26 00:00:00 CEST 2012: 1139.7082704319
2018-09-30 15:22:39 INFO  BrokerWithLombokDao:109 - Fri Nov 30 00:00:00 CET 2012: 1142.0206819468
2018-09-30 15:22:39 INFO  BrokerWithLombokDao:109 - Fri Dec 28 00:00:00 CET 2012: 1144.2923555676
2018-09-30 15:22:39 INFO  BrokerWithLombokDao:109 - Fri Feb 01 00:00:00 CET 2013: 1146.6663865754
2018-09-30 15:22:39 INFO  BrokerWithLombokDao:109 - Fri Mar 01 00:00:00 CET 2013: 1149.0381193924
2018-09-30 15:22:39 INFO  BrokerWithLombokDao:109 - Tue Apr 02 00:00:00 CEST 2013: 1151.4225476162
2018-09-30 15:22:39 INFO  BrokerWithLombokDao:109 - Fri Apr 26 00:00:00 CEST 2013: 1153.8591463233
2018-09-30 15:22:39 INFO  BrokerWithLombokDao:109 - Fri May 31 00:00:00 CEST 2013: 1156.3555799895
2018-09-30 15:22:39 INFO  BrokerWithLombokDao:109 - Fri Jun 28 00:00:00 CEST 2013: 1158.8989205895
2018-09-30 15:22:39 INFO  BrokerWithLombokDao:109 - Fri Jul 26 00:00:00 CEST 2013: 1161.3590069436
2018-09-30 15:22:39 INFO  BrokerWithLombokDao:109 - Fri Aug 30 00:00:00 CEST 2013: 1163.8016789276
2018-09-30 15:22:39 INFO  BrokerWithLombokDao:109 - Fri Sep 27 00:00:00 CEST 2013: 1165.9386174361
2018-09-30 15:22:39 INFO  BrokerWithLombokDao:109 - Fri Nov 01 00:00:00 CET 2013: 1167.9634108245
2018-09-30 15:22:39 INFO  BrokerWithLombokDao:109 - Fri Nov 29 00:00:00 CET 2013: 1170.0547467187
2018-09-30 15:22:39 INFO  BrokerWithLombokDao:109 - Fri Dec 27 00:00:00 CET 2013: 1172.1327789494
2018-09-30 15:22:39 INFO  BrokerWithLombokDao:109 - Fri Jan 31 00:00:00 CET 2014: 1174.3389923668
2018-09-30 15:22:39 INFO  BrokerWithLombokDao:109 - Fri Feb 28 00:00:00 CET 2014: 1176.6970289404
2018-09-30 15:22:39 INFO  BrokerWithLombokDao:109 - Fri Mar 28 00:00:00 CET 2014: 1178.9012574604
2018-09-30 15:22:39 INFO  BrokerWithLombokDao:109 - Fri Apr 25 00:00:00 CEST 2014: 1181.1888391597
2018-09-30 15:22:39 INFO  BrokerWithLombokDao:109 - Fri May 30 00:00:00 CEST 2014: 1183.5001599144
2018-09-30 15:22:39 INFO  BrokerWithLombokDao:109 - Fri Jun 27 00:00:00 CEST 2014: 1185.6692612867
2018-09-30 15:22:39 INFO  BrokerWithLombokDao:109 - Fri Aug 01 00:00:00 CEST 2014: 1187.9051727629
2018-09-30 15:22:39 INFO  BrokerWithLombokDao:109 - Fri Aug 29 00:00:00 CEST 2014: 1190.1143702381
2018-09-30 15:22:39 INFO  BrokerWithLombokDao:109 - Fri Sep 26 00:00:00 CEST 2014: 1192.3538583551
2018-09-30 15:22:39 INFO  BrokerWithLombokDao:109 - Fri Oct 31 00:00:00 CET 2014: 1194.5660479714
2018-09-30 15:22:39 INFO  BrokerWithLombokDao:109 - Fri Nov 28 00:00:00 CET 2014: 1196.6758434504
2018-09-30 15:22:39 INFO  BrokerWithLombokDao:109 - Mon Dec 29 00:00:00 CET 2014: 1198.7329383287
2018-09-30 15:22:39 INFO  BrokerWithLombokDao:109 - Fri Jan 30 00:00:00 CET 2015: 1200.5907582339
2018-09-30 15:22:39 INFO  BrokerWithLombokDao:109 - Fri Feb 27 00:00:00 CET 2015: 1202.3479753757
2018-09-30 15:22:39 INFO  BrokerWithLombokDao:109 - Fri Mar 27 00:00:00 CET 2015: 1203.9978070255
2018-09-30 15:22:39 INFO  BrokerWithLombokDao:109 - Mon May 04 00:00:00 CEST 2015: 1205.7072087349
2018-09-30 15:22:39 INFO  BrokerWithLombokDao:109 - Fri May 29 00:00:00 CEST 2015: 1207.3056429218
2018-09-30 15:22:39 INFO  BrokerWithLombokDao:109 - Fri Jun 26 00:00:00 CEST 2015: 1208.9300420599
2018-09-30 15:22:39 INFO  BrokerWithLombokDao:109 - Fri Jul 31 00:00:00 CEST 2015: 1210.5217263217
2018-09-30 15:22:39 INFO  BrokerWithLombokDao:109 - Fri Aug 28 00:00:00 CEST 2015: 1212.1632673602
2018-09-30 15:22:39 INFO  BrokerWithLombokDao:109 - Fri Sep 25 00:00:00 CEST 2015: 1213.8622964864
2018-09-30 15:22:39 INFO  BrokerWithLombokDao:109 - Fri Oct 30 00:00:00 CET 2015: 1215.2825863415
2018-09-30 15:22:39 INFO  BrokerWithLombokDao:109 - Fri Nov 27 00:00:00 CET 2015: 1216.7622783240
2018-09-30 15:22:39 INFO  BrokerWithLombokDao:109 - Mon Jan 04 00:00:00 CET 2016: 1218.3245292406
2018-09-30 15:22:39 INFO  BrokerWithLombokDao:109 - Fri Jan 29 00:00:00 CET 2016: 1219.9644221456
2018-09-30 15:22:39 INFO  BrokerWithLombokDao:109 - Fri Feb 26 00:00:00 CET 2016: 1221.6912943923
2018-09-30 15:22:39 INFO  BrokerWithLombokDao:109 - Fri Apr 01 00:00:00 CEST 2016: 1223.3636493411
2018-09-30 15:22:39 INFO  BrokerWithLombokDao:109 - Fri Apr 29 00:00:00 CEST 2016: 1225.0902173467
2018-09-30 15:22:39 INFO  BrokerWithLombokDao:109 - Fri May 27 00:00:00 CEST 2016: 1226.7571675083
2018-09-30 15:22:39 INFO  BrokerWithLombokDao:109 - Fri Jul 01 00:00:00 CEST 2016: 1228.3834536019
2018-09-30 15:22:39 INFO  BrokerWithLombokDao:109 - Fri Jul 29 00:00:00 CEST 2016: 1229.9803250375
2018-09-30 15:22:39 INFO  BrokerWithLombokDao:109 - Fri Aug 26 00:00:00 CEST 2016: 1231.5221752578
2018-09-30 15:22:39 INFO  BrokerWithLombokDao:109 - Fri Sep 30 00:00:00 CEST 2016: 1233.0119897911
2018-09-30 15:22:39 INFO  BrokerWithLombokDao:109 - Fri Oct 28 00:00:00 CEST 2016: 1234.5196820988
2018-09-30 15:22:39 INFO  BrokerWithLombokDao:109 - Fri Nov 25 00:00:00 CET 2016: 1236.0485432532
2018-09-30 15:22:39 INFO  BrokerWithLombokDao:109 - Fri Dec 30 00:00:00 CET 2016: 1237.5681586975
2018-09-30 15:22:39 INFO  BrokerWithLombokDao:109 - Fri Jan 27 00:00:00 CET 2017: 1239.1500796015
2018-09-30 15:22:39 INFO  BrokerWithLombokDao:109 - Fri Feb 24 00:00:00 CET 2017: 1240.7598036488
2018-09-30 15:22:39 INFO  BrokerWithLombokDao:109 - Fri Mar 31 00:00:00 CEST 2017: 1242.2688889583
2018-09-30 15:22:39 INFO  BrokerWithLombokDao:109 - Fri Apr 28 00:00:00 CEST 2017: 1243.6743098675
2018-09-30 15:22:39 INFO  BrokerWithLombokDao:109 - Fri May 26 00:00:00 CEST 2017: 1245.0357991701
2018-09-30 15:22:39 INFO  BrokerWithLombokDao:109 - Fri Jun 30 00:00:00 CEST 2017: 1246.4773996408
2018-09-30 15:22:39 INFO  BrokerWithLombokDao:109 - Fri Jul 28 00:00:00 CEST 2017: 1247.9400862080
2018-09-30 15:22:39 INFO  BrokerWithLombokDao:109 - Fri Sep 01 00:00:00 CEST 2017: 1249.4706187709
2018-09-30 15:22:39 INFO  BrokerWithLombokDao:109 - Fri Sep 29 00:00:00 CEST 2017: 1251.0112570353
2018-09-30 15:22:39 INFO  BrokerWithLombokDao:109 - Fri Oct 27 00:00:00 CEST 2017: 1252.5658255632
2018-09-30 15:22:39 INFO  BrokerWithLombokDao:109 - Fri Dec 01 00:00:00 CET 2017: 1254.2134382061
2018-09-30 15:22:39 INFO  Main:25 - 
Money after investment: 36585.406
